빌드 시작: 2015-09-08 오후 7:05:21
     1>2 노드의 "C:\Users\User\Documents\Visual Studio 2013\Projects\SocketLibrary\SocketLibrary\SocketLibrary.vcxproj" 프로젝트(Build 대상)입니다.
     1>ClCompile:
         C:\Program Files (x86)\Microsoft Visual Studio 12.0\VC\bin\x86_amd64\CL.exe /c /Zi /nologo /W3 /WX- /sdl /Od /D WIN32 /D _DEBUG /D _LIB /D _UNICODE /D UNICODE /Gm /EHsc /RTC1 /MDd /GS /fp:precise /Zc:wchar_t /Zc:forScope /Yu"stdafx.h" /Fp"x64\Debug\SocketLibrary.pch" /Fo"x64\Debug\\" /Fd"x64\Debug\vc120.pdb" /Gd /TP /errorReport:prompt CircularQueue.cpp ClientSession.cpp MemoryPool.cpp MultiThreadSync.cpp NetworkSession.cpp PacketSession.cpp Stream.cpp
         CircularQueue.cpp
         코드를 생성하고 있습니다...
         컴파일하고 있습니다...
         Stream.cpp
         PacketSession.cpp
         NetworkSession.cpp
         MultiThreadSync.cpp
         MemoryPool.cpp
         ClientSession.cpp
         코드를 생성하고 있습니다...
       Lib:
         C:\Program Files (x86)\Microsoft Visual Studio 12.0\VC\bin\x86_amd64\Lib.exe /OUT:"C:\Users\User\Documents\Visual Studio 2013\Projects\SocketLibrary\x64\Debug\SocketLibrary.lib" /NOLOGO /MACHINE:X64 x64\Debug\CircularQueue.obj
         x64\Debug\ClientSession.obj
         x64\Debug\CriticalSectionEx.obj
         x64\Debug\Crypt.obj
         x64\Debug\EventSelect.obj
         x64\Debug\Iocp.obj
         x64\Debug\Log.obj
         x64\Debug\MemoryPool.obj
         x64\Debug\MultiThreadSync.obj
         x64\Debug\NetworkSession.obj
         x64\Debug\PacketSession.obj
         x64\Debug\stdafx.obj
         x64\Debug\Stream.obj
         SocketLibrary.vcxproj -> C:\Users\User\Documents\Visual Studio 2013\Projects\SocketLibrary\x64\Debug\SocketLibrary.lib
     1>"C:\Users\User\Documents\Visual Studio 2013\Projects\SocketLibrary\SocketLibrary\SocketLibrary.vcxproj" 프로젝트를 빌드했습니다(Build 대상).

빌드했습니다.

경과 시간: 00:00:00.37
