빌드 시작: 2015-09-08 오후 7:04:44
     1>2 노드의 "C:\Users\User\Documents\Visual Studio 2013\Projects\SocketLibrary\SocketLibrary\SocketLibrary.vcxproj" 프로젝트(Build 대상)입니다.
     1>ClCompile:
         C:\Program Files (x86)\Microsoft Visual Studio 12.0\VC\bin\CL.exe /c /ZI /nologo /W3 /WX- /sdl /Od /Oy- /D WIN32 /D _DEBUG /D _LIB /D _UNICODE /D UNICODE /Gm /EHsc /RTC1 /MDd /GS /fp:precise /Zc:wchar_t /Zc:forScope /Yu"stdafx.h" /Fp"Debug\SocketLibrary.pch" /Fo"Debug\\" /Fd"Debug\vc120.pdb" /Gd /TP /analyze- /errorReport:prompt CircularQueue.cpp ClientSession.cpp MemoryPool.cpp MultiThreadSync.cpp NetworkSession.cpp PacketSession.cpp Stream.cpp
         CircularQueue.cpp
         코드를 생성하고 있습니다...
         컴파일하고 있습니다...
         Stream.cpp
         PacketSession.cpp
         NetworkSession.cpp
         MultiThreadSync.cpp
         MemoryPool.cpp
         ClientSession.cpp
         코드를 생성하고 있습니다...
       Lib:
         C:\Program Files (x86)\Microsoft Visual Studio 12.0\VC\bin\Lib.exe /OUT:"C:\Users\User\Documents\Visual Studio 2013\Projects\SocketLibrary\Debug\SocketLibrary.lib" /NOLOGO Debug\CircularQueue.obj
         Debug\ClientSession.obj
         Debug\CriticalSectionEx.obj
         Debug\Crypt.obj
         Debug\EventSelect.obj
         Debug\Iocp.obj
         Debug\Log.obj
         Debug\MemoryPool.obj
         Debug\MultiThreadSync.obj
         Debug\NetworkSession.obj
         Debug\PacketSession.obj
         Debug\stdafx.obj
         Debug\Stream.obj
         SocketLibrary.vcxproj -> C:\Users\User\Documents\Visual Studio 2013\Projects\SocketLibrary\Debug\SocketLibrary.lib
     1>"C:\Users\User\Documents\Visual Studio 2013\Projects\SocketLibrary\SocketLibrary\SocketLibrary.vcxproj" 프로젝트를 빌드했습니다(Build 대상).

빌드했습니다.

경과 시간: 00:00:00.83
