빌드 시작: 2015-09-09 오후 9:29:01
     1>2 노드의 "c:\Users\User\documents\visual studio 2013\Projects\ServerTemplate\ServerTemplate\ServerTemplate.vcxproj" 프로젝트(Build 대상)입니다.
     1>ClCompile:
         C:\Program Files (x86)\Microsoft Visual Studio 12.0\VC\bin\x86_amd64\CL.exe /c /Zi /nologo /W3 /WX- /sdl /Od /D WIN32 /D _DEBUG /D _CONSOLE /D _LIB /D _UNICODE /D UNICODE /Gm /EHsc /RTC1 /MDd /GS /fp:precise /Zc:wchar_t /Zc:forScope /Yu"stdafx.h" /Fp"x64\Debug\ServerTemplate.pch" /Fo"x64\Debug\\" /Fd"x64\Debug\vc120.pdb" /Gd /TP /errorReport:prompt ServerIOCP.cpp ServerTemplate.cpp
         ServerIOCP.cpp
         코드를 생성하고 있습니다...
         컴파일하고 있습니다...
         ServerTemplate.cpp
         코드를 생성하고 있습니다...
       Link:
         C:\Program Files (x86)\Microsoft Visual Studio 12.0\VC\bin\x86_amd64\link.exe /ERRORREPORT:PROMPT /OUT:"c:\users\user\documents\visual studio 2013\Projects\ServerTemplate\x64\Debug\ServerTemplate.exe" /INCREMENTAL /NOLOGO /LIBPATH:"C:\Users\User\Documents\Visual Studio 2013\Projects\ServerTemplate\Library\lib\64" /LIBPATH:"C:\Program Files\MySQL\MySQL Server 5.6\lib" kernel32.lib user32.lib gdi32.lib winspool.lib comdlg32.lib advapi32.lib shell32.lib ole32.lib oleaut32.lib uuid.lib odbc32.lib odbccp32.lib kernel32.lib user32.lib gdi32.lib winspool.lib comdlg32.lib advapi32.lib shell32.lib ole32.lib oleaut32.lib uuid.lib odbc32.lib odbccp32.lib SocketLibrary.lib /MANIFEST /MANIFESTUAC:"level='asInvoker' uiAccess='false'" /manifest:embed /DEBUG /PDB:"c:\users\user\documents\visual studio 2013\Projects\ServerTemplate\x64\Debug\ServerTemplate.pdb" /SUBSYSTEM:CONSOLE /TLBID:1 /DYNAMICBASE /NXCOMPAT /IMPLIB:"c:\users\user\documents\visual studio 2013\Projects\ServerTemplate\x64\Debug\ServerTemplate.lib" /MACHINE:X64 x64\Debug\ConnectedUser.obj
         x64\Debug\ConnectedUserManager.obj
         x64\Debug\DatabaseSession.obj
         x64\Debug\ServerIOCP.obj
         x64\Debug\ServerTemplate.obj
         x64\Debug\SessionManager.obj
         x64\Debug\stdafx.obj
         ServerTemplate.vcxproj -> c:\users\user\documents\visual studio 2013\Projects\ServerTemplate\x64\Debug\ServerTemplate.exe
     1>"c:\Users\User\documents\visual studio 2013\Projects\ServerTemplate\ServerTemplate\ServerTemplate.vcxproj" 프로젝트를 빌드했습니다(Build 대상).

빌드했습니다.

경과 시간: 00:00:01.34
